\BOOKMARK [1][-]{section.1}{\376\377\000I\000n\000t\000r\000o\000d\000u\000c\000c\000i\000\363\000n}{}% 1
\BOOKMARK [2][-]{subsection.1.1}{\376\377\000O\000r\000i\000g\000e\000n}{section.1}% 2
\BOOKMARK [2][-]{subsection.1.2}{\376\377\000M\000o\000t\000i\000v\000a\000c\000i\000\363\000n}{section.1}% 3
\BOOKMARK [2][-]{subsection.1.3}{\376\377\000C\000o\000m\000e\000n\000t\000a\000r\000i\000o\000\040\000d\000e\000l\000\040\000a\000u\000t\000o\000r}{section.1}% 4
\BOOKMARK [1][-]{section.2}{\376\377\000C\000o\000n\000t\000e\000x\000t\000u\000a\000l\000i\000z\000a\000c\000i\000\363\000n}{}% 5
\BOOKMARK [2][-]{subsection.2.1}{\376\377\000N\000e\000c\000e\000s\000i\000d\000a\000d}{section.2}% 6
\BOOKMARK [2][-]{subsection.2.2}{\376\377\000O\000b\000j\000e\000t\000i\000v\000o}{section.2}% 7
\BOOKMARK [1][-]{section.3}{\376\377\000O\000b\000j\000e\000t\000i\000v\000o\000s\000\040\000e\000s\000p\000e\000c\000\355\000f\000i\000c\000o\000s}{}% 8
\BOOKMARK [1][-]{section.4}{\376\377\000T\000a\000r\000e\000a\000s}{}% 9
\BOOKMARK [1][-]{section.5}{\376\377\000D\000e\000s\000a\000r\000r\000o\000l\000l\000o}{}% 10
\BOOKMARK [2][-]{subsection.5.1}{\376\377\000M\000o\000d\000e\000l\000o\000\040\000d\000e\000\040\000p\000r\000u\000e\000b\000a}{section.5}% 11
\BOOKMARK [2][-]{subsection.5.2}{\376\377\000E\000n\000t\000r\000e\000n\000a\000m\000i\000e\000n\000t\000o\000\040\000d\000e\000l\000\040\000m\000o\000d\000e\000l\000o}{section.5}% 12
\BOOKMARK [2][-]{subsection.5.3}{\376\377\000I\000m\000p\000l\000e\000m\000e\000n\000t\000a\000c\000i\000\363\000n}{section.5}% 13
\BOOKMARK [2][-]{subsection.5.4}{\376\377\000A\000l\000o\000j\000a\000m\000i\000e\000n\000t\000o}{section.5}% 14
\BOOKMARK [2][-]{subsection.5.5}{\376\377\000C\000r\000e\000a\000c\000i\000\363\000n\000\040\000d\000e\000\040\000l\000a\000\040\000i\000n\000t\000e\000r\000f\000a\000z}{section.5}% 15
\BOOKMARK [1][-]{section.6}{\376\377\000P\000u\000n\000t\000o\000s\000\040\000a\000\040\000m\000e\000j\000o\000r\000a\000r}{}% 16
\BOOKMARK [1][-]{section.7}{\376\377\000R\000e\000c\000u\000r\000s\000o\000s}{}% 17
\BOOKMARK [2][-]{subsection.7.1}{\376\377\000R\000e\000c\000u\000r\000s\000o\000s\000\040\000h\000u\000m\000a\000n\000o\000s}{section.7}% 18
\BOOKMARK [2][-]{subsection.7.2}{\376\377\000H\000a\000r\000d\000w\000a\000r\000e}{section.7}% 19
\BOOKMARK [2][-]{subsection.7.3}{\376\377\000S\000o\000f\000t\000w\000a\000r\000e\000\040\000y\000\040\000S\000e\000r\000v\000i\000c\000i\000o\000s}{section.7}% 20
\BOOKMARK [2][-]{subsection.7.4}{\376\377\000P\000r\000e\000s\000u\000p\000u\000e\000s\000t\000o}{section.7}% 21
\BOOKMARK [1][-]{section.8}{\376\377\000A\000n\000e\000x\000o\000s}{}% 22
\BOOKMARK [2][-]{subsection.8.1}{\376\377\000T\000\351\000r\000m\000i\000n\000o\000s\000\040\000t\000\351\000c\000n\000i\000c\000o\000s}{section.8}% 23
\BOOKMARK [2][-]{subsection.8.2}{\376\377\000E\000s\000q\000u\000e\000m\000a\000s}{section.8}% 24
\BOOKMARK [2][-]{subsection.8.3}{\376\377\000G\000u\000\355\000a\000\040\000d\000e\000l\000\040\000d\000e\000s\000a\000r\000r\000o\000l\000l\000a\000d\000o\000r}{section.8}% 25
\BOOKMARK [2][-]{subsection.8.4}{\376\377\000A\000g\000r\000a\000d\000e\000c\000i\000m\000i\000e\000n\000t\000o\000s}{section.8}% 26
\BOOKMARK [1][-]{section.9}{\376\377\000B\000i\000b\000l\000i\000o\000g\000r\000a\000f\000\355\000a}{}% 27
